2024-05-01 08:37:39,743:INFO:[01/May/2024:08:37:39] ENGINE Listening for SIGTERM.
2024-05-01 08:37:39,743:INFO:[01/May/2024:08:37:39] ENGINE Bus STARTING
2024-05-01 08:37:39,747:INFO:[01/May/2024:08:37:39] ENGINE Listening for SIGTERM.
2024-05-01 08:37:39,747:INFO:[01/May/2024:08:37:39] ENGINE Started monitor thread 'Autoreloader'.
2024-05-01 08:37:39,747:INFO:[01/May/2024:08:37:39] ENGINE Bus STARTING
2024-05-01 08:37:39,747:INFO:[01/May/2024:08:37:39] ENGINE Started monitor thread 'Autoreloader'.
2024-05-01 08:37:39,985:INFO:[01/May/2024:08:37:39] ENGINE Serving on http://0.0.0.0:8080
2024-05-01 08:37:40,015:INFO:[01/May/2024:08:37:40] ENGINE Bus STARTED
2024-05-01 08:37:40,019:ERROR:[01/May/2024:08:37:40] ENGINE Error in HTTP server: shutting down
Traceback (most recent call last):
  File "C:\Users\71528\AppData\Roaming\Python\Python312\site-packages\cherrypy\process\servers.py", line 225, in _start_http_thread
    self.httpserver.start()
  File "C:\Users\71528\AppData\Roaming\Python\Python312\site-packages\cheroot\server.py", line 1840, in start
    self.prepare()
  File "C:\Users\71528\AppData\Roaming\Python\Python312\site-packages\cheroot\server.py", line 1795, in prepare
    raise socket.error(msg)
OSError: No socket could be created -- (('0.0.0.0', 8080): [WinError 10048] Only one usage of each socket address (protocol/network address/port) is normally permitted)

2024-05-01 08:37:40,024:INFO:[01/May/2024:08:37:40] ENGINE Bus STOPPING
2024-05-01 08:37:40,025:INFO:[01/May/2024:08:37:40] ENGINE HTTP Server cherrypy._cpwsgi_server.CPWSGIServer(('0.0.0.0', 8080)) already shut down
2024-05-01 08:37:40,027:INFO:[01/May/2024:08:37:40] ENGINE Stopped thread 'Autoreloader'.
2024-05-01 08:37:40,028:INFO:[01/May/2024:08:37:40] ENGINE Bus STOPPED
2024-05-01 08:37:40,029:INFO:[01/May/2024:08:37:40] ENGINE Bus EXITING
2024-05-01 08:37:40,029:INFO:[01/May/2024:08:37:40] ENGINE Bus EXITED
2024-05-01 08:37:47,835:INFO:[01/May/2024:08:37:47] ENGINE Listening for SIGTERM.
2024-05-01 08:37:47,835:INFO:[01/May/2024:08:37:47] ENGINE Bus STARTING
2024-05-01 08:37:47,842:INFO:[01/May/2024:08:37:47] ENGINE Started monitor thread 'Autoreloader'.
2024-05-01 08:37:49,057:ERROR:[01/May/2024:08:37:49] ENGINE Error in 'start' listener <bound method Server.start of <cherrypy._cpserver.Server object at 0x00000247A516F440>>
Traceback (most recent call last):
  File "C:\Users\71528\AppData\Roaming\Python\Python312\site-packages\portend.py", line 122, in free
    Checker(timeout=0.1).assert_free(host, port)
  File "C:\Users\71528\AppData\Roaming\Python\Python312\site-packages\portend.py", line 71, in assert_free
    list(itertools.starmap(self._connect, info))
  File "C:\Users\71528\AppData\Roaming\Python\Python312\site-packages\portend.py", line 87, in _connect
    raise PortNotFree(tmpl.format(**locals()))
portend.PortNotFree: Port 8080 is in use on 127.0.0.1.

During handling of the above exception, another exception occurred:

Traceback (most recent call last):
  File "C:\Users\71528\AppData\Roaming\Python\Python312\site-packages\cherrypy\process\wspbus.py", line 230, in publish
    output.append(listener(*args, **kwargs))
                  ^^^^^^^^^^^^^^^^^^^^^^^^^
  File "C:\Users\71528\AppData\Roaming\Python\Python312\site-packages\cherrypy\_cpserver.py", line 180, in start
    super(Server, self).start()
  File "C:\Users\71528\AppData\Roaming\Python\Python312\site-packages\cherrypy\process\servers.py", line 177, in start
    portend.free(*self.bind_addr, timeout=Timeouts.free)
  File "C:\Users\71528\AppData\Roaming\Python\Python312\site-packages\portend.py", line 126, in free
    raise Timeout("Port {port} not free on {host}.".format(**locals()))
portend.Timeout: Port 8080 not free on 0.0.0.0.

2024-05-01 08:37:49,057:ERROR:[01/May/2024:08:37:49] ENGINE Shutting down due to error in start listener:
Traceback (most recent call last):
  File "C:\Users\71528\AppData\Roaming\Python\Python312\site-packages\cherrypy\process\wspbus.py", line 268, in start
    self.publish('start')
  File "C:\Users\71528\AppData\Roaming\Python\Python312\site-packages\cherrypy\process\wspbus.py", line 248, in publish
    raise exc
cherrypy.process.wspbus.ChannelFailures: Timeout('Port 8080 not free on 0.0.0.0.')

2024-05-01 08:37:49,057:INFO:[01/May/2024:08:37:49] ENGINE Bus STOPPING
2024-05-01 08:37:49,057:INFO:[01/May/2024:08:37:49] ENGINE HTTP Server cherrypy._cpwsgi_server.CPWSGIServer(('0.0.0.0', 8080)) already shut down
2024-05-01 08:37:49,057:INFO:[01/May/2024:08:37:49] ENGINE Stopped thread 'Autoreloader'.
2024-05-01 08:37:49,066:INFO:[01/May/2024:08:37:49] ENGINE Bus STOPPED
2024-05-01 08:37:49,066:INFO:[01/May/2024:08:37:49] ENGINE Bus EXITING
2024-05-01 08:37:49,067:INFO:[01/May/2024:08:37:49] ENGINE Bus EXITED
2024-05-01 08:38:10,145:INFO:[01/May/2024:08:38:10] ENGINE Listening for SIGTERM.
2024-05-01 08:38:10,145:INFO:[01/May/2024:08:38:10] ENGINE Bus STARTING
2024-05-01 08:38:10,159:INFO:[01/May/2024:08:38:10] ENGINE Started monitor thread 'Autoreloader'.
2024-05-01 08:38:11,199:ERROR:[01/May/2024:08:38:11] ENGINE Error in 'start' listener <bound method Server.start of <cherrypy._cpserver.Server object at 0x000002B32DE9F440>>
Traceback (most recent call last):
  File "C:\Users\71528\AppData\Roaming\Python\Python312\site-packages\portend.py", line 122, in free
    Checker(timeout=0.1).assert_free(host, port)
  File "C:\Users\71528\AppData\Roaming\Python\Python312\site-packages\portend.py", line 71, in assert_free
    list(itertools.starmap(self._connect, info))
  File "C:\Users\71528\AppData\Roaming\Python\Python312\site-packages\portend.py", line 87, in _connect
    raise PortNotFree(tmpl.format(**locals()))
portend.PortNotFree: Port 8080 is in use on 127.0.0.1.

During handling of the above exception, another exception occurred:

Traceback (most recent call last):
  File "C:\Users\71528\AppData\Roaming\Python\Python312\site-packages\cherrypy\process\wspbus.py", line 230, in publish
    output.append(listener(*args, **kwargs))
                  ^^^^^^^^^^^^^^^^^^^^^^^^^
  File "C:\Users\71528\AppData\Roaming\Python\Python312\site-packages\cherrypy\_cpserver.py", line 180, in start
    super(Server, self).start()
  File "C:\Users\71528\AppData\Roaming\Python\Python312\site-packages\cherrypy\process\servers.py", line 177, in start
    portend.free(*self.bind_addr, timeout=Timeouts.free)
  File "C:\Users\71528\AppData\Roaming\Python\Python312\site-packages\portend.py", line 126, in free
    raise Timeout("Port {port} not free on {host}.".format(**locals()))
portend.Timeout: Port 8080 not free on 0.0.0.0.

2024-05-01 08:38:11,202:ERROR:[01/May/2024:08:38:11] ENGINE Shutting down due to error in start listener:
Traceback (most recent call last):
  File "C:\Users\71528\AppData\Roaming\Python\Python312\site-packages\cherrypy\process\wspbus.py", line 268, in start
    self.publish('start')
  File "C:\Users\71528\AppData\Roaming\Python\Python312\site-packages\cherrypy\process\wspbus.py", line 248, in publish
    raise exc
cherrypy.process.wspbus.ChannelFailures: Timeout('Port 8080 not free on 0.0.0.0.')

2024-05-01 08:38:11,204:INFO:[01/May/2024:08:38:11] ENGINE Bus STOPPING
2024-05-01 08:38:11,204:INFO:[01/May/2024:08:38:11] ENGINE HTTP Server cherrypy._cpwsgi_server.CPWSGIServer(('0.0.0.0', 8080)) already shut down
2024-05-01 08:38:11,204:INFO:[01/May/2024:08:38:11] ENGINE Stopped thread 'Autoreloader'.
2024-05-01 08:38:11,205:INFO:[01/May/2024:08:38:11] ENGINE Bus STOPPED
2024-05-01 08:38:11,205:INFO:[01/May/2024:08:38:11] ENGINE Bus EXITING
2024-05-01 08:38:11,205:INFO:[01/May/2024:08:38:11] ENGINE Bus EXITED
2024-05-01 08:38:24,374:INFO:[01/May/2024:08:38:24] ENGINE Restarting because c:\Users\71528\Desktop\coding\PackageMeasurementConversionAPI\api.py changed.
2024-05-01 08:38:24,374:INFO:[01/May/2024:08:38:24] ENGINE Stopped thread 'Autoreloader'.
2024-05-01 08:38:24,374:INFO:[01/May/2024:08:38:24] ENGINE Bus STOPPING
2024-05-01 08:38:24,512:INFO:[01/May/2024:08:38:24] ENGINE HTTP Server cherrypy._cpwsgi_server.CPWSGIServer(('0.0.0.0', 8080)) shut down
2024-05-01 08:38:24,512:INFO:[01/May/2024:08:38:24] ENGINE Bus STOPPED
2024-05-01 08:38:24,513:INFO:[01/May/2024:08:38:24] ENGINE Bus EXITING
2024-05-01 08:38:24,513:INFO:[01/May/2024:08:38:24] ENGINE Bus EXITED
2024-05-01 08:38:24,603:INFO:[01/May/2024:08:38:24] ENGINE Waiting for child threads to terminate...
2024-05-01 08:38:24,603:INFO:[01/May/2024:08:38:24] ENGINE Re-spawning C:\Users\71528\AppData\Local\Programs\Python\Python312\python.exe c:/Users/71528/Desktop/coding/PackageMeasurementConversionAPI/api.py
2024-05-01 08:55:43,077:INFO:[01/May/2024:08:55:43] ENGINE Listening for SIGTERM.
2024-05-01 08:55:43,077:INFO:[01/May/2024:08:55:43] ENGINE Bus STARTING
2024-05-01 08:55:43,077:INFO:[01/May/2024:08:55:43] ENGINE Started monitor thread 'Autoreloader'.
2024-05-01 08:55:43,292:INFO:[01/May/2024:08:55:43] ENGINE Serving on http://0.0.0.0:8080
2024-05-01 08:55:43,292:INFO:[01/May/2024:08:55:43] ENGINE Bus STARTED
2024-05-01 08:55:50,245:INFO:127.0.0.1 - - [01/May/2024:08:55:50] "GET / HTTP/1.1" 404 1518 "" "Mozilla/5.0 (Windows NT 10.0; Win64; x64) AppleWebKit/537.36 (KHTML, like Gecko) Chrome/124.0.0.0 Safari/537.36"
2024-05-01 08:55:53,875:INFO:127.0.0.1 - - [01/May/2024:08:55:53] "GET / HTTP/1.1" 404 1518 "" "Mozilla/5.0 (Windows NT 10.0; Win64; x64) AppleWebKit/537.36 (KHTML, like Gecko) Chrome/124.0.0.0 Safari/537.36"
2024-05-01 08:56:13,884:INFO:127.0.0.1 - - [01/May/2024:08:56:13] "GET /convert?input_str=ab HTTP/1.1" 200 30 "" "Mozilla/5.0 (Windows NT 10.0; Win64; x64) AppleWebKit/537.36 (KHTML, like Gecko) Chrome/124.0.0.0 Safari/537.36"
2024-05-01 08:57:13,264:INFO:127.0.0.1 - - [01/May/2024:08:57:13] "GET /history HTTP/1.1" 200 82 "" "Mozilla/5.0 (Windows NT 10.0; Win64; x64) AppleWebKit/537.36 (KHTML, like Gecko) Chrome/124.0.0.0 Safari/537.36"
2024-05-01 09:22:25,922:INFO:[01/May/2024:09:22:25] ENGINE Keyboard Interrupt: shutting down bus
2024-05-01 09:22:25,923:INFO:[01/May/2024:09:22:25] ENGINE Bus STOPPING
2024-05-01 09:22:26,063:INFO:[01/May/2024:09:22:26] ENGINE HTTP Server cherrypy._cpwsgi_server.CPWSGIServer(('0.0.0.0', 8080)) shut down
2024-05-01 09:22:26,063:INFO:[01/May/2024:09:22:26] ENGINE Stopped thread 'Autoreloader'.
2024-05-01 09:22:26,064:INFO:[01/May/2024:09:22:26] ENGINE Bus STOPPED
2024-05-01 09:22:26,065:INFO:[01/May/2024:09:22:26] ENGINE Bus EXITING
2024-05-01 09:22:26,065:INFO:[01/May/2024:09:22:26] ENGINE Bus EXITED
2024-05-01 09:22:26,065:INFO:[01/May/2024:09:22:26] ENGINE Waiting for child threads to terminate...
2024-05-01 09:22:34,672:INFO:[01/May/2024:09:22:34] ENGINE Listening for SIGTERM.
2024-05-01 09:22:34,672:INFO:[01/May/2024:09:22:34] ENGINE Bus STARTING
2024-05-01 09:22:34,673:INFO:[01/May/2024:09:22:34] ENGINE Started monitor thread 'Autoreloader'.
2024-05-01 09:22:34,887:INFO:[01/May/2024:09:22:34] ENGINE Serving on http://0.0.0.0:8080
2024-05-01 09:22:34,887:INFO:[01/May/2024:09:22:34] ENGINE Bus STARTED
2024-05-01 09:23:11,857:INFO:[01/May/2024:09:23:11] ENGINE Keyboard Interrupt: shutting down bus
2024-05-01 09:23:11,857:INFO:[01/May/2024:09:23:11] ENGINE Bus STOPPING
2024-05-01 09:23:12,001:INFO:[01/May/2024:09:23:12] ENGINE HTTP Server cherrypy._cpwsgi_server.CPWSGIServer(('0.0.0.0', 8080)) shut down
2024-05-01 09:23:12,001:INFO:[01/May/2024:09:23:12] ENGINE Stopped thread 'Autoreloader'.
2024-05-01 09:23:12,001:INFO:[01/May/2024:09:23:12] ENGINE Bus STOPPED
2024-05-01 09:23:12,002:INFO:[01/May/2024:09:23:12] ENGINE Bus EXITING
2024-05-01 09:23:12,002:INFO:[01/May/2024:09:23:12] ENGINE Bus EXITED
2024-05-01 09:23:12,002:INFO:[01/May/2024:09:23:12] ENGINE Waiting for child threads to terminate...
2024-05-01 09:34:23,896:INFO:[01/May/2024:09:34:23] ENGINE Listening for SIGTERM.
2024-05-01 09:34:23,896:INFO:[01/May/2024:09:34:23] ENGINE Bus STARTING
2024-05-01 09:34:23,904:INFO:[01/May/2024:09:34:23] ENGINE Started monitor thread 'Autoreloader'.
2024-05-01 09:34:24,132:INFO:[01/May/2024:09:34:24] ENGINE Serving on http://0.0.0.0:8080
2024-05-01 09:34:24,132:INFO:[01/May/2024:09:34:24] ENGINE Bus STARTED
2024-05-01 09:34:36,758:INFO:127.0.0.1 - - [01/May/2024:09:34:36] "GET /history HTTP/1.1" 200 82 "" "Mozilla/5.0 (Windows NT 10.0; Win64; x64) AppleWebKit/537.36 (KHTML, like Gecko) Chrome/124.0.0.0 Safari/537.36"
2024-05-01 09:35:07,609:INFO:127.0.0.1 - - [01/May/2024:09:35:07] "GET /convert?input_str=baa HTTP/1.1" 200 31 "" "Mozilla/5.0 (Windows NT 10.0; Win64; x64) AppleWebKit/537.36 (KHTML, like Gecko) Chrome/124.0.0.0 Safari/537.36"
2024-05-01 09:35:36,876:INFO:[01/May/2024:09:35:36] ENGINE Keyboard Interrupt: shutting down bus
2024-05-01 09:35:36,876:INFO:[01/May/2024:09:35:36] ENGINE Bus STOPPING
2024-05-01 09:35:37,048:INFO:[01/May/2024:09:35:37] ENGINE HTTP Server cherrypy._cpwsgi_server.CPWSGIServer(('0.0.0.0', 8080)) shut down
2024-05-01 09:35:37,048:INFO:[01/May/2024:09:35:37] ENGINE Stopped thread 'Autoreloader'.
2024-05-01 09:35:37,048:INFO:[01/May/2024:09:35:37] ENGINE Bus STOPPED
2024-05-01 09:35:37,048:INFO:[01/May/2024:09:35:37] ENGINE Bus EXITING
2024-05-01 09:35:37,048:INFO:[01/May/2024:09:35:37] ENGINE Bus EXITED
2024-05-01 09:35:37,048:INFO:[01/May/2024:09:35:37] ENGINE Waiting for child threads to terminate...
2024-05-01 10:45:20,667:INFO:[01/May/2024:10:45:20] ENGINE Listening for SIGTERM.
2024-05-01 10:45:20,667:INFO:[01/May/2024:10:45:20] ENGINE Bus STARTING
2024-05-01 10:45:20,676:INFO:[01/May/2024:10:45:20] ENGINE Started monitor thread 'Autoreloader'.
2024-05-01 10:45:20,895:INFO:[01/May/2024:10:45:20] ENGINE Serving on http://0.0.0.0:8080
2024-05-01 10:45:20,895:INFO:[01/May/2024:10:45:20] ENGINE Bus STARTED
2024-05-01 10:45:32,076:INFO:127.0.0.1 - - [01/May/2024:10:45:32] "GET /convert?input_str=baa HTTP/1.1" 200 31 "" "Mozilla/5.0 (Windows NT 10.0; Win64; x64) AppleWebKit/537.36 (KHTML, like Gecko) Chrome/124.0.0.0 Safari/537.36"
2024-05-01 10:45:40,238:INFO:[01/May/2024:10:45:40] ENGINE Keyboard Interrupt: shutting down bus
2024-05-01 10:45:40,238:INFO:[01/May/2024:10:45:40] ENGINE Bus STOPPING
2024-05-01 10:45:42,415:INFO:[01/May/2024:10:45:42] ENGINE HTTP Server cherrypy._cpwsgi_server.CPWSGIServer(('0.0.0.0', 8080)) shut down
2024-05-01 10:45:42,415:INFO:[01/May/2024:10:45:42] ENGINE Stopped thread 'Autoreloader'.
2024-05-01 10:45:42,415:INFO:[01/May/2024:10:45:42] ENGINE Bus STOPPED
2024-05-01 10:45:42,415:INFO:[01/May/2024:10:45:42] ENGINE Bus EXITING
2024-05-01 10:45:42,415:INFO:[01/May/2024:10:45:42] ENGINE Bus EXITED
2024-05-01 10:45:42,415:INFO:[01/May/2024:10:45:42] ENGINE Waiting for child threads to terminate...
2024-05-01 10:55:58,090:INFO:[01/May/2024:10:55:58] ENGINE Listening for SIGTERM.
2024-05-01 10:55:58,090:INFO:[01/May/2024:10:55:58] ENGINE Bus STARTING
2024-05-01 10:55:58,096:INFO:[01/May/2024:10:55:58] ENGINE Started monitor thread 'Autoreloader'.
2024-05-01 10:55:58,305:INFO:[01/May/2024:10:55:58] ENGINE Serving on http://0.0.0.0:8080
2024-05-01 10:55:58,305:INFO:[01/May/2024:10:55:58] ENGINE Bus STARTED
2024-05-01 10:56:07,675:INFO:127.0.0.1 - - [01/May/2024:10:56:07] "GET /history HTTP/1.1" 200 152 "" "PostmanRuntime/7.37.3"
2024-05-01 10:56:14,383:INFO:[01/May/2024:10:56:14] ENGINE Keyboard Interrupt: shutting down bus
2024-05-01 10:56:14,383:INFO:[01/May/2024:10:56:14] ENGINE Bus STOPPING
2024-05-01 10:56:14,515:INFO:[01/May/2024:10:56:14] ENGINE HTTP Server cherrypy._cpwsgi_server.CPWSGIServer(('0.0.0.0', 8080)) shut down
2024-05-01 10:56:14,516:INFO:[01/May/2024:10:56:14] ENGINE Stopped thread 'Autoreloader'.
2024-05-01 10:56:14,516:INFO:[01/May/2024:10:56:14] ENGINE Bus STOPPED
2024-05-01 10:56:14,516:INFO:[01/May/2024:10:56:14] ENGINE Bus EXITING
2024-05-01 10:56:14,516:INFO:[01/May/2024:10:56:14] ENGINE Bus EXITED
2024-05-01 10:56:14,520:INFO:[01/May/2024:10:56:14] ENGINE Waiting for child threads to terminate...
2024-05-01 10:58:07,487:INFO:[01/May/2024:10:58:07] ENGINE Listening for SIGTERM.
2024-05-01 10:58:07,487:INFO:[01/May/2024:10:58:07] ENGINE Bus STARTING
2024-05-01 10:58:07,487:INFO:[01/May/2024:10:58:07] ENGINE Started monitor thread 'Autoreloader'.
2024-05-01 10:58:07,698:INFO:[01/May/2024:10:58:07] ENGINE Serving on http://0.0.0.0:8080
2024-05-01 10:58:07,698:INFO:[01/May/2024:10:58:07] ENGINE Bus STARTED
2024-05-01 10:58:17,296:INFO:127.0.0.1 - - [01/May/2024:10:58:17] "GET /history HTTP/1.1" 200 152 "" "PostmanRuntime/7.37.3"
2024-05-01 10:58:33,721:INFO:[01/May/2024:10:58:33] ENGINE Keyboard Interrupt: shutting down bus
2024-05-01 10:58:33,721:INFO:[01/May/2024:10:58:33] ENGINE Bus STOPPING
2024-05-01 10:58:33,890:INFO:[01/May/2024:10:58:33] ENGINE HTTP Server cherrypy._cpwsgi_server.CPWSGIServer(('0.0.0.0', 8080)) shut down
2024-05-01 10:58:33,890:INFO:[01/May/2024:10:58:33] ENGINE Stopped thread 'Autoreloader'.
2024-05-01 10:58:33,890:INFO:[01/May/2024:10:58:33] ENGINE Bus STOPPED
2024-05-01 10:58:33,890:INFO:[01/May/2024:10:58:33] ENGINE Bus EXITING
2024-05-01 10:58:33,890:INFO:[01/May/2024:10:58:33] ENGINE Bus EXITED
2024-05-01 10:58:33,890:INFO:[01/May/2024:10:58:33] ENGINE Waiting for child threads to terminate...
2024-05-01 11:01:49,983:INFO:[01/May/2024:11:01:49] ENGINE Listening for SIGTERM.
2024-05-01 11:01:49,983:INFO:[01/May/2024:11:01:49] ENGINE Bus STARTING
2024-05-01 11:01:49,987:INFO:[01/May/2024:11:01:49] ENGINE Started monitor thread 'Autoreloader'.
2024-05-01 11:01:50,207:INFO:[01/May/2024:11:01:50] ENGINE Serving on http://0.0.0.0:8080
2024-05-01 11:01:50,207:INFO:[01/May/2024:11:01:50] ENGINE Bus STARTED
2024-05-01 11:02:11,639:INFO:127.0.0.1 - - [01/May/2024:11:02:11] "GET /history HTTP/1.1" 200 152 "" "PostmanRuntime/7.37.3"
2024-05-01 11:02:19,129:INFO:[01/May/2024:11:02:19] ENGINE Keyboard Interrupt: shutting down bus
2024-05-01 11:02:19,129:INFO:[01/May/2024:11:02:19] ENGINE Bus STOPPING
2024-05-01 11:02:19,265:INFO:[01/May/2024:11:02:19] ENGINE HTTP Server cherrypy._cpwsgi_server.CPWSGIServer(('0.0.0.0', 8080)) shut down
2024-05-01 11:02:19,265:INFO:[01/May/2024:11:02:19] ENGINE Stopped thread 'Autoreloader'.
2024-05-01 11:02:19,265:INFO:[01/May/2024:11:02:19] ENGINE Bus STOPPED
2024-05-01 11:02:19,267:INFO:[01/May/2024:11:02:19] ENGINE Bus EXITING
2024-05-01 11:02:19,267:INFO:[01/May/2024:11:02:19] ENGINE Bus EXITED
2024-05-01 11:02:19,267:INFO:[01/May/2024:11:02:19] ENGINE Waiting for child threads to terminate...
2024-05-01 11:03:16,652:INFO:[01/May/2024:11:03:16] ENGINE Listening for SIGTERM.
2024-05-01 11:03:16,655:INFO:[01/May/2024:11:03:16] ENGINE Bus STARTING
2024-05-01 11:03:16,657:INFO:[01/May/2024:11:03:16] ENGINE Started monitor thread 'Autoreloader'.
2024-05-01 11:03:16,883:INFO:[01/May/2024:11:03:16] ENGINE Serving on http://0.0.0.0:8080
2024-05-01 11:03:16,883:INFO:[01/May/2024:11:03:16] ENGINE Bus STARTED
2024-05-01 11:03:31,558:INFO:127.0.0.1 - - [01/May/2024:11:03:31] "GET /history HTTP/1.1" 200 152 "" "PostmanRuntime/7.37.3"
2024-05-01 11:03:37,780:INFO:[01/May/2024:11:03:37] ENGINE Keyboard Interrupt: shutting down bus
2024-05-01 11:03:37,795:INFO:[01/May/2024:11:03:37] ENGINE Bus STOPPING
2024-05-01 11:03:37,947:INFO:[01/May/2024:11:03:37] ENGINE HTTP Server cherrypy._cpwsgi_server.CPWSGIServer(('0.0.0.0', 8080)) shut down
2024-05-01 11:03:37,947:INFO:[01/May/2024:11:03:37] ENGINE Stopped thread 'Autoreloader'.
2024-05-01 11:03:37,947:INFO:[01/May/2024:11:03:37] ENGINE Bus STOPPED
2024-05-01 11:03:37,947:INFO:[01/May/2024:11:03:37] ENGINE Bus EXITING
2024-05-01 11:03:37,947:INFO:[01/May/2024:11:03:37] ENGINE Bus EXITED
2024-05-01 11:03:37,947:INFO:[01/May/2024:11:03:37] ENGINE Waiting for child threads to terminate...
2024-05-01 11:50:03,316:INFO:[01/May/2024:11:50:03] ENGINE Listening for SIGTERM.
2024-05-01 11:50:03,316:INFO:[01/May/2024:11:50:03] ENGINE Bus STARTING
2024-05-01 11:50:03,316:INFO:[01/May/2024:11:50:03] ENGINE Started monitor thread 'Autoreloader'.
2024-05-01 11:50:03,530:INFO:[01/May/2024:11:50:03] ENGINE Serving on http://0.0.0.0:8080
2024-05-01 11:50:03,531:INFO:[01/May/2024:11:50:03] ENGINE Bus STARTED
2024-05-01 11:50:08,550:INFO:127.0.0.1 - - [01/May/2024:11:50:08] "GET /history HTTP/1.1" 200 152 "" "PostmanRuntime/7.37.3"
2024-05-01 11:51:32,784:INFO:[01/May/2024:11:51:32] ENGINE Restarting because c:\Users\71528\Desktop\coding\PackageMeasurementConversionAPI\controller\measurement_controller.py changed.
2024-05-01 11:51:32,784:INFO:[01/May/2024:11:51:32] ENGINE Stopped thread 'Autoreloader'.
2024-05-01 11:51:32,784:INFO:[01/May/2024:11:51:32] ENGINE Bus STOPPING
2024-05-01 11:51:32,953:INFO:[01/May/2024:11:51:32] ENGINE HTTP Server cherrypy._cpwsgi_server.CPWSGIServer(('0.0.0.0', 8080)) shut down
2024-05-01 11:51:32,953:INFO:[01/May/2024:11:51:32] ENGINE Bus STOPPED
2024-05-01 11:51:32,953:INFO:[01/May/2024:11:51:32] ENGINE Bus EXITING
2024-05-01 11:51:32,953:INFO:[01/May/2024:11:51:32] ENGINE Bus EXITED
2024-05-01 11:51:32,981:INFO:[01/May/2024:11:51:32] ENGINE Waiting for child threads to terminate...
2024-05-01 11:51:32,981:INFO:[01/May/2024:11:51:32] ENGINE Re-spawning C:\Users\71528\AppData\Local\Programs\Python\Python312\python.exe c:/Users/71528/Desktop/coding/PackageMeasurementConversionAPI/main.py
2024-05-01 11:51:46,471:INFO:[01/May/2024:11:51:46] ENGINE Listening for SIGTERM.
2024-05-01 11:51:46,471:INFO:[01/May/2024:11:51:46] ENGINE Bus STARTING
2024-05-01 11:51:46,474:INFO:[01/May/2024:11:51:46] ENGINE Started monitor thread 'Autoreloader'.
2024-05-01 11:51:46,681:INFO:[01/May/2024:11:51:46] ENGINE Serving on http://0.0.0.0:8080
2024-05-01 11:51:46,681:INFO:[01/May/2024:11:51:46] ENGINE Bus STARTED
2024-05-01 11:51:51,993:ERROR:[01/May/2024:11:51:51] HTTP 
Traceback (most recent call last):
  File "C:\Users\71528\AppData\Roaming\Python\Python312\site-packages\cherrypy\_cprequest.py", line 638, in respond
    self._do_respond(path_info)
  File "C:\Users\71528\AppData\Roaming\Python\Python312\site-packages\cherrypy\_cprequest.py", line 697, in _do_respond
    response.body = self.handler()
                    ^^^^^^^^^^^^^^
  File "C:\Users\71528\AppData\Roaming\Python\Python312\site-packages\cherrypy\lib\encoding.py", line 223, in __call__
    self.body = self.oldhandler(*args, **kwargs)
                ^^^^^^^^^^^^^^^^^^^^^^^^^^^^^^^^
  File "C:\Users\71528\AppData\Roaming\Python\Python312\site-packages\cherrypy\lib\jsontools.py", line 59, in json_handler
    value = cherrypy.serving.request._json_inner_handler(*args, **kwargs)
            ^^^^^^^^^^^^^^^^^^^^^^^^^^^^^^^^^^^^^^^^^^^^^^^^^^^^^^^^^^^^^
  File "C:\Users\71528\AppData\Roaming\Python\Python312\site-packages\cherrypy\_cpdispatch.py", line 54, in __call__
    return self.callable(*self.args, **self.kwargs)
           ^^^^^^^^^^^^^^^^^^^^^^^^^^^^^^^^^^^^^^^^
  File "c:\Users\71528\Desktop\coding\PackageMeasurementConversionAPI\controller\measurement_controller.py", line 57, in history
    return {"history": self.get_history()}
                       ^^^^^^^^^^^^^^^^
AttributeError: 'MeasurementAPI' object has no attribute 'get_history'
2024-05-01 11:51:52,115:INFO:[01/May/2024:11:51:52] HTTP 
Request Headers:
  Remote-Addr: 127.0.0.1
  USER-AGENT: PostmanRuntime/7.37.3
  ACCEPT: */*
  CACHE-CONTROL: no-cache
  POSTMAN-TOKEN: 77dd2d1e-9704-4501-b1a5-f7e146207e55
  HOST: localhost:8080
  ACCEPT-ENCODING: gzip, deflate, br
  CONNECTION: keep-alive
2024-05-01 11:51:52,120:INFO:127.0.0.1 - - [01/May/2024:11:51:52] "GET /history HTTP/1.1" 500 2189 "" "PostmanRuntime/7.37.3"
2024-05-01 11:54:21,868:INFO:[01/May/2024:11:54:21] ENGINE Restarting because c:\Users\71528\Desktop\coding\PackageMeasurementConversionAPI\controller\measurement_controller.py changed.
2024-05-01 11:54:21,868:INFO:[01/May/2024:11:54:21] ENGINE Stopped thread 'Autoreloader'.
2024-05-01 11:54:21,868:INFO:[01/May/2024:11:54:21] ENGINE Bus STOPPING
2024-05-01 11:54:22,040:INFO:[01/May/2024:11:54:22] ENGINE HTTP Server cherrypy._cpwsgi_server.CPWSGIServer(('0.0.0.0', 8080)) shut down
2024-05-01 11:54:22,040:INFO:[01/May/2024:11:54:22] ENGINE Bus STOPPED
2024-05-01 11:54:22,040:INFO:[01/May/2024:11:54:22] ENGINE Bus EXITING
2024-05-01 11:54:22,040:INFO:[01/May/2024:11:54:22] ENGINE Bus EXITED
2024-05-01 11:54:22,123:INFO:[01/May/2024:11:54:22] ENGINE Waiting for child threads to terminate...
2024-05-01 11:54:22,123:INFO:[01/May/2024:11:54:22] ENGINE Re-spawning C:\Users\71528\AppData\Local\Programs\Python\Python312\python.exe c:/Users/71528/Desktop/coding/PackageMeasurementConversionAPI/main.py
2024-05-01 11:54:22,578:INFO:[01/May/2024:11:54:22] ENGINE Listening for SIGTERM.
2024-05-01 11:54:22,578:INFO:[01/May/2024:11:54:22] ENGINE Bus STARTING
2024-05-01 11:54:22,585:INFO:[01/May/2024:11:54:22] ENGINE Started monitor thread 'Autoreloader'.
2024-05-01 11:54:22,797:INFO:[01/May/2024:11:54:22] ENGINE Serving on http://0.0.0.0:8080
2024-05-01 11:54:22,797:INFO:[01/May/2024:11:54:22] ENGINE Bus STARTED
2024-05-01 11:56:31,186:INFO:[01/May/2024:11:56:31] ENGINE Listening for SIGTERM.
2024-05-01 11:56:31,186:INFO:[01/May/2024:11:56:31] ENGINE Bus STARTING
2024-05-01 11:56:31,186:INFO:[01/May/2024:11:56:31] ENGINE Started monitor thread 'Autoreloader'.
2024-05-01 11:56:32,325:ERROR:[01/May/2024:11:56:32] ENGINE Error in 'start' listener <bound method Server.start of <cherrypy._cpserver.Server object at 0x000002850B9514C0>>
Traceback (most recent call last):
  File "C:\Users\71528\AppData\Roaming\Python\Python312\site-packages\portend.py", line 122, in free
    Checker(timeout=0.1).assert_free(host, port)
  File "C:\Users\71528\AppData\Roaming\Python\Python312\site-packages\portend.py", line 71, in assert_free
    list(itertools.starmap(self._connect, info))
  File "C:\Users\71528\AppData\Roaming\Python\Python312\site-packages\portend.py", line 87, in _connect
    raise PortNotFree(tmpl.format(**locals()))
portend.PortNotFree: Port 8080 is in use on 127.0.0.1.

During handling of the above exception, another exception occurred:

Traceback (most recent call last):
  File "C:\Users\71528\AppData\Roaming\Python\Python312\site-packages\cherrypy\process\wspbus.py", line 230, in publish
    output.append(listener(*args, **kwargs))
                  ^^^^^^^^^^^^^^^^^^^^^^^^^
  File "C:\Users\71528\AppData\Roaming\Python\Python312\site-packages\cherrypy\_cpserver.py", line 180, in start
    super(Server, self).start()
  File "C:\Users\71528\AppData\Roaming\Python\Python312\site-packages\cherrypy\process\servers.py", line 177, in start
    portend.free(*self.bind_addr, timeout=Timeouts.free)
  File "C:\Users\71528\AppData\Roaming\Python\Python312\site-packages\portend.py", line 126, in free
    raise Timeout("Port {port} not free on {host}.".format(**locals()))
portend.Timeout: Port 8080 not free on 0.0.0.0.

2024-05-01 11:56:32,327:ERROR:[01/May/2024:11:56:32] ENGINE Shutting down due to error in start listener:
Traceback (most recent call last):
  File "C:\Users\71528\AppData\Roaming\Python\Python312\site-packages\cherrypy\process\wspbus.py", line 268, in start
    self.publish('start')
  File "C:\Users\71528\AppData\Roaming\Python\Python312\site-packages\cherrypy\process\wspbus.py", line 248, in publish
    raise exc
cherrypy.process.wspbus.ChannelFailures: Timeout('Port 8080 not free on 0.0.0.0.')

2024-05-01 11:56:32,327:INFO:[01/May/2024:11:56:32] ENGINE Bus STOPPING
2024-05-01 11:56:32,329:INFO:[01/May/2024:11:56:32] ENGINE HTTP Server cherrypy._cpwsgi_server.CPWSGIServer(('0.0.0.0', 8080)) already shut down
2024-05-01 11:56:32,329:INFO:[01/May/2024:11:56:32] ENGINE Stopped thread 'Autoreloader'.
2024-05-01 11:56:32,329:INFO:[01/May/2024:11:56:32] ENGINE Bus STOPPED
2024-05-01 11:56:32,329:INFO:[01/May/2024:11:56:32] ENGINE Bus EXITING
2024-05-01 11:56:32,329:INFO:[01/May/2024:11:56:32] ENGINE Bus EXITED
2024-05-01 11:56:57,378:INFO:[01/May/2024:11:56:57] ENGINE Listening for SIGTERM.
2024-05-01 11:56:57,378:INFO:[01/May/2024:11:56:57] ENGINE Bus STARTING
2024-05-01 11:56:57,384:INFO:[01/May/2024:11:56:57] ENGINE Started monitor thread 'Autoreloader'.
2024-05-01 11:56:57,608:INFO:[01/May/2024:11:56:57] ENGINE Serving on http://0.0.0.0:8080
2024-05-01 11:56:57,608:INFO:[01/May/2024:11:56:57] ENGINE Bus STARTED
2024-05-01 11:57:11,420:ERROR:[01/May/2024:11:57:11] HTTP 
Traceback (most recent call last):
  File "C:\Users\71528\AppData\Roaming\Python\Python312\site-packages\cherrypy\_cprequest.py", line 638, in respond
    self._do_respond(path_info)
  File "C:\Users\71528\AppData\Roaming\Python\Python312\site-packages\cherrypy\_cprequest.py", line 697, in _do_respond
    response.body = self.handler()
                    ^^^^^^^^^^^^^^
  File "C:\Users\71528\AppData\Roaming\Python\Python312\site-packages\cherrypy\lib\encoding.py", line 223, in __call__
    self.body = self.oldhandler(*args, **kwargs)
                ^^^^^^^^^^^^^^^^^^^^^^^^^^^^^^^^
  File "C:\Users\71528\AppData\Roaming\Python\Python312\site-packages\cherrypy\lib\jsontools.py", line 59, in json_handler
    value = cherrypy.serving.request._json_inner_handler(*args, **kwargs)
            ^^^^^^^^^^^^^^^^^^^^^^^^^^^^^^^^^^^^^^^^^^^^^^^^^^^^^^^^^^^^^
  File "C:\Users\71528\AppData\Roaming\Python\Python312\site-packages\cherrypy\_cpdispatch.py", line 54, in __call__
    return self.callable(*self.args, **self.kwargs)
           ^^^^^^^^^^^^^^^^^^^^^^^^^^^^^^^^^^^^^^^^
  File "c:\Users\71528\Desktop\coding\PackageMeasurementConversionAPI\controller\measurement_controller.py", line 57, in history
    return {"history": self.DbCrudOpearations.get_history()}
                       ^^^^^^^^^^^^^^^^^^^^^^
AttributeError: 'MeasurementAPI' object has no attribute 'DbCrudOpearations'
2024-05-01 11:57:11,429:INFO:[01/May/2024:11:57:11] HTTP 
Request Headers:
  Remote-Addr: 127.0.0.1
  USER-AGENT: PostmanRuntime/7.37.3
  ACCEPT: */*
  CACHE-CONTROL: no-cache
  POSTMAN-TOKEN: 383b524c-555f-4e8f-acd0-3936c805d21a
  HOST: localhost:8080
  ACCEPT-ENCODING: gzip, deflate, br
  CONNECTION: keep-alive
2024-05-01 11:57:11,429:INFO:127.0.0.1 - - [01/May/2024:11:57:11] "GET /history HTTP/1.1" 500 2219 "" "PostmanRuntime/7.37.3"
2024-05-01 12:10:44,103:INFO:[01/May/2024:12:10:44] ENGINE Restarting because c:\Users\71528\Desktop\coding\PackageMeasurementConversionAPI\controller\measurement_controller.py changed.
2024-05-01 12:10:44,103:INFO:[01/May/2024:12:10:44] ENGINE Stopped thread 'Autoreloader'.
2024-05-01 12:10:44,103:INFO:[01/May/2024:12:10:44] ENGINE Bus STOPPING
2024-05-01 12:10:44,224:INFO:[01/May/2024:12:10:44] ENGINE HTTP Server cherrypy._cpwsgi_server.CPWSGIServer(('0.0.0.0', 8080)) shut down
2024-05-01 12:10:44,224:INFO:[01/May/2024:12:10:44] ENGINE Bus STOPPED
2024-05-01 12:10:44,224:INFO:[01/May/2024:12:10:44] ENGINE Bus EXITING
2024-05-01 12:10:44,224:INFO:[01/May/2024:12:10:44] ENGINE Bus EXITED
2024-05-01 12:10:44,297:INFO:[01/May/2024:12:10:44] ENGINE Waiting for child threads to terminate...
2024-05-01 12:10:44,297:INFO:[01/May/2024:12:10:44] ENGINE Re-spawning C:\Users\71528\AppData\Local\Programs\Python\Python312\python.exe c:/Users/71528/Desktop/coding/PackageMeasurementConversionAPI/main.py
2024-05-01 12:10:44,788:INFO:[01/May/2024:12:10:44] ENGINE Listening for SIGTERM.
2024-05-01 12:10:44,788:INFO:[01/May/2024:12:10:44] ENGINE Bus STARTING
2024-05-01 12:10:44,795:INFO:[01/May/2024:12:10:44] ENGINE Started monitor thread 'Autoreloader'.
2024-05-01 12:10:45,011:INFO:[01/May/2024:12:10:45] ENGINE Serving on http://0.0.0.0:8080
2024-05-01 12:10:45,012:INFO:[01/May/2024:12:10:45] ENGINE Bus STARTED
2024-05-01 12:11:02,009:INFO:[01/May/2024:12:11:02] ENGINE Restarting because c:\Users\71528\Desktop\coding\PackageMeasurementConversionAPI\db_utils\db_crud_operations.py changed.
2024-05-01 12:11:02,009:INFO:[01/May/2024:12:11:02] ENGINE Stopped thread 'Autoreloader'.
2024-05-01 12:11:02,009:INFO:[01/May/2024:12:11:02] ENGINE Bus STOPPING
2024-05-01 12:11:02,133:INFO:[01/May/2024:12:11:02] ENGINE HTTP Server cherrypy._cpwsgi_server.CPWSGIServer(('0.0.0.0', 8080)) shut down
2024-05-01 12:11:02,134:INFO:[01/May/2024:12:11:02] ENGINE Bus STOPPED
2024-05-01 12:11:02,134:INFO:[01/May/2024:12:11:02] ENGINE Bus EXITING
2024-05-01 12:11:02,134:INFO:[01/May/2024:12:11:02] ENGINE Bus EXITED
2024-05-01 12:11:02,205:INFO:[01/May/2024:12:11:02] ENGINE Waiting for child threads to terminate...
2024-05-01 12:11:02,205:INFO:[01/May/2024:12:11:02] ENGINE Re-spawning C:\Users\71528\AppData\Local\Programs\Python\Python312\python.exe c:/Users/71528/Desktop/coding/PackageMeasurementConversionAPI/main.py
2024-05-01 12:11:02,714:INFO:[01/May/2024:12:11:02] ENGINE Listening for SIGTERM.
2024-05-01 12:11:02,715:INFO:[01/May/2024:12:11:02] ENGINE Bus STARTING
2024-05-01 12:11:02,716:INFO:[01/May/2024:12:11:02] ENGINE Started monitor thread 'Autoreloader'.
2024-05-01 12:11:02,959:INFO:[01/May/2024:12:11:02] ENGINE Serving on http://0.0.0.0:8080
2024-05-01 12:11:02,959:INFO:[01/May/2024:12:11:02] ENGINE Bus STARTED
2024-05-01 12:11:10,701:INFO:[01/May/2024:12:11:10] ENGINE Listening for SIGTERM.
2024-05-01 12:11:10,701:INFO:[01/May/2024:12:11:10] ENGINE Bus STARTING
2024-05-01 12:11:10,701:INFO:[01/May/2024:12:11:10] ENGINE Started monitor thread 'Autoreloader'.
2024-05-01 12:11:11,709:ERROR:[01/May/2024:12:11:11] ENGINE Error in 'start' listener <bound method Server.start of <cherrypy._cpserver.Server object at 0x000001EBBA0AD940>>
Traceback (most recent call last):
  File "C:\Users\71528\AppData\Roaming\Python\Python312\site-packages\portend.py", line 122, in free
    Checker(timeout=0.1).assert_free(host, port)
  File "C:\Users\71528\AppData\Roaming\Python\Python312\site-packages\portend.py", line 71, in assert_free
    list(itertools.starmap(self._connect, info))
  File "C:\Users\71528\AppData\Roaming\Python\Python312\site-packages\portend.py", line 87, in _connect
    raise PortNotFree(tmpl.format(**locals()))
portend.PortNotFree: Port 8080 is in use on 127.0.0.1.

During handling of the above exception, another exception occurred:

Traceback (most recent call last):
  File "C:\Users\71528\AppData\Roaming\Python\Python312\site-packages\cherrypy\process\wspbus.py", line 230, in publish
    output.append(listener(*args, **kwargs))
                  ^^^^^^^^^^^^^^^^^^^^^^^^^
  File "C:\Users\71528\AppData\Roaming\Python\Python312\site-packages\cherrypy\_cpserver.py", line 180, in start
    super(Server, self).start()
  File "C:\Users\71528\AppData\Roaming\Python\Python312\site-packages\cherrypy\process\servers.py", line 177, in start
    portend.free(*self.bind_addr, timeout=Timeouts.free)
  File "C:\Users\71528\AppData\Roaming\Python\Python312\site-packages\portend.py", line 126, in free
    raise Timeout("Port {port} not free on {host}.".format(**locals()))
portend.Timeout: Port 8080 not free on 0.0.0.0.

2024-05-01 12:11:11,709:ERROR:[01/May/2024:12:11:11] ENGINE Shutting down due to error in start listener:
Traceback (most recent call last):
  File "C:\Users\71528\AppData\Roaming\Python\Python312\site-packages\cherrypy\process\wspbus.py", line 268, in start
    self.publish('start')
  File "C:\Users\71528\AppData\Roaming\Python\Python312\site-packages\cherrypy\process\wspbus.py", line 248, in publish
    raise exc
cherrypy.process.wspbus.ChannelFailures: Timeout('Port 8080 not free on 0.0.0.0.')

2024-05-01 12:11:11,718:INFO:[01/May/2024:12:11:11] ENGINE Bus STOPPING
2024-05-01 12:11:11,718:INFO:[01/May/2024:12:11:11] ENGINE HTTP Server cherrypy._cpwsgi_server.CPWSGIServer(('0.0.0.0', 8080)) already shut down
2024-05-01 12:11:11,718:INFO:[01/May/2024:12:11:11] ENGINE Stopped thread 'Autoreloader'.
2024-05-01 12:11:11,718:INFO:[01/May/2024:12:11:11] ENGINE Bus STOPPED
2024-05-01 12:11:11,718:INFO:[01/May/2024:12:11:11] ENGINE Bus EXITING
2024-05-01 12:11:11,718:INFO:[01/May/2024:12:11:11] ENGINE Bus EXITED
2024-05-01 12:11:25,904:INFO:[01/May/2024:12:11:25] ENGINE Listening for SIGTERM.
2024-05-01 12:11:25,904:INFO:[01/May/2024:12:11:25] ENGINE Bus STARTING
2024-05-01 12:11:25,904:INFO:[01/May/2024:12:11:25] ENGINE Started monitor thread 'Autoreloader'.
2024-05-01 12:11:26,109:INFO:[01/May/2024:12:11:26] ENGINE Serving on http://0.0.0.0:8080
2024-05-01 12:11:26,111:INFO:[01/May/2024:12:11:26] ENGINE Bus STARTED
2024-05-01 12:11:33,011:INFO:127.0.0.1 - - [01/May/2024:12:11:33] "GET /history HTTP/1.1" 200 152 "" "PostmanRuntime/7.37.3"
2024-05-01 12:55:40,618:INFO:[01/May/2024:12:55:40] ENGINE Keyboard Interrupt: shutting down bus
2024-05-01 12:55:40,618:INFO:[01/May/2024:12:55:40] ENGINE Bus STOPPING
2024-05-01 12:55:40,775:INFO:[01/May/2024:12:55:40] ENGINE HTTP Server cherrypy._cpwsgi_server.CPWSGIServer(('0.0.0.0', 8080)) shut down
2024-05-01 12:55:40,775:INFO:[01/May/2024:12:55:40] ENGINE Stopped thread 'Autoreloader'.
2024-05-01 12:55:40,775:INFO:[01/May/2024:12:55:40] ENGINE Bus STOPPED
2024-05-01 12:55:40,775:INFO:[01/May/2024:12:55:40] ENGINE Bus EXITING
2024-05-01 12:55:40,775:INFO:[01/May/2024:12:55:40] ENGINE Bus EXITED
2024-05-01 12:55:40,775:INFO:[01/May/2024:12:55:40] ENGINE Waiting for child threads to terminate...
2024-05-01 13:54:10,526:INFO:[01/May/2024:13:54:10] ENGINE Listening for SIGTERM.
2024-05-01 13:54:10,526:INFO:[01/May/2024:13:54:10] ENGINE Bus STARTING
2024-05-01 13:54:10,526:INFO:[01/May/2024:13:54:10] ENGINE Started monitor thread 'Autoreloader'.
2024-05-01 13:54:10,741:INFO:[01/May/2024:13:54:10] ENGINE Serving on http://0.0.0.0:8080
2024-05-01 13:54:10,741:INFO:[01/May/2024:13:54:10] ENGINE Bus STARTED
2024-05-01 13:54:16,217:INFO:127.0.0.1 - - [01/May/2024:13:54:16] "GET /history HTTP/1.1" 200 152 "" "PostmanRuntime/7.37.3"
2024-05-01 13:56:21,428:INFO:[01/May/2024:13:56:21] ENGINE Keyboard Interrupt: shutting down bus
2024-05-01 13:56:21,428:INFO:[01/May/2024:13:56:21] ENGINE Bus STOPPING
2024-05-01 13:56:21,633:INFO:[01/May/2024:13:56:21] ENGINE HTTP Server cherrypy._cpwsgi_server.CPWSGIServer(('0.0.0.0', 8080)) shut down
2024-05-01 13:56:21,634:INFO:[01/May/2024:13:56:21] ENGINE Stopped thread 'Autoreloader'.
2024-05-01 13:56:21,635:INFO:[01/May/2024:13:56:21] ENGINE Bus STOPPED
2024-05-01 13:56:21,636:INFO:[01/May/2024:13:56:21] ENGINE Bus EXITING
2024-05-01 13:56:21,636:INFO:[01/May/2024:13:56:21] ENGINE Bus EXITED
2024-05-01 13:56:21,637:INFO:[01/May/2024:13:56:21] ENGINE Waiting for child threads to terminate...
2024-05-02 09:07:07,026:INFO:[02/May/2024:09:07:07] ENGINE Listening for SIGTERM.
2024-05-02 09:07:07,026:INFO:[02/May/2024:09:07:07] ENGINE Bus STARTING
2024-05-02 09:07:07,028:INFO:[02/May/2024:09:07:07] ENGINE Started monitor thread 'Autoreloader'.
2024-05-02 09:07:07,262:INFO:[02/May/2024:09:07:07] ENGINE Serving on http://0.0.0.0:8080
2024-05-02 09:07:07,262:INFO:[02/May/2024:09:07:07] ENGINE Bus STARTED
2024-05-02 09:07:25,101:ERROR:[02/May/2024:09:07:25] HTTP 
Traceback (most recent call last):
  File "C:\Users\71528\AppData\Roaming\Python\Python312\site-packages\cherrypy\_cprequest.py", line 638, in respond
    self._do_respond(path_info)
  File "C:\Users\71528\AppData\Roaming\Python\Python312\site-packages\cherrypy\_cprequest.py", line 697, in _do_respond
    response.body = self.handler()
                    ^^^^^^^^^^^^^^
  File "C:\Users\71528\AppData\Roaming\Python\Python312\site-packages\cherrypy\lib\encoding.py", line 223, in __call__
    self.body = self.oldhandler(*args, **kwargs)
                ^^^^^^^^^^^^^^^^^^^^^^^^^^^^^^^^
  File "C:\Users\71528\AppData\Roaming\Python\Python312\site-packages\cherrypy\lib\jsontools.py", line 59, in json_handler
    value = cherrypy.serving.request._json_inner_handler(*args, **kwargs)
            ^^^^^^^^^^^^^^^^^^^^^^^^^^^^^^^^^^^^^^^^^^^^^^^^^^^^^^^^^^^^^
  File "C:\Users\71528\AppData\Roaming\Python\Python312\site-packages\cherrypy\_cpdispatch.py", line 54, in __call__
    return self.callable(*self.args, **self.kwargs)
           ^^^^^^^^^^^^^^^^^^^^^^^^^^^^^^^^^^^^^^^^
  File "c:\Users\71528\Desktop\coding\PackageMeasurementConversionAPI\controller\measurement_controller.py", line 62, in convert
    self.add_to_history(processed_result_obj)
    ^^^^^^^^^^^^^^^^^^^
AttributeError: 'MeasurementAPI' object has no attribute 'add_to_history'
2024-05-02 09:07:25,190:INFO:[02/May/2024:09:07:25] HTTP 
Request Headers:
  Remote-Addr: 127.0.0.1
  HOST: localhost:8080
  CONNECTION: keep-alive
  SEC-CH-UA: "Chromium";v="124", "Google Chrome";v="124", "Not-A.Brand";v="99"
  SEC-CH-UA-MOBILE: ?0
  SEC-CH-UA-PLATFORM: "Windows"
  UPGRADE-INSECURE-REQUESTS: 1
  USER-AGENT: Mozilla/5.0 (Windows NT 10.0; Win64; x64) AppleWebKit/537.36 (KHTML, like Gecko) Chrome/124.0.0.0 Safari/537.36
  ACCEPT: text/html,application/xhtml+xml,application/xml;q=0.9,image/avif,image/webp,image/apng,*/*;q=0.8,application/signed-exchange;v=b3;q=0.7
  SEC-FETCH-SITE: none
  SEC-FETCH-MODE: navigate
  SEC-FETCH-USER: ?1
  SEC-FETCH-DEST: document
  ACCEPT-ENCODING: gzip, deflate, br, zstd
  ACCEPT-LANGUAGE: en-US,en;q=0.9,ar;q=0.8
2024-05-02 09:07:25,198:INFO:127.0.0.1 - - [02/May/2024:09:07:25] "GET /convert?input_str=ab HTTP/1.1" 500 2179 "" "Mozilla/5.0 (Windows NT 10.0; Win64; x64) AppleWebKit/537.36 (KHTML, like Gecko) Chrome/124.0.0.0 Safari/537.36"
2024-05-02 09:09:54,943:INFO:[02/May/2024:09:09:54] ENGINE Restarting because c:\Users\71528\Desktop\coding\PackageMeasurementConversionAPI\controller\measurement_controller.py changed.
2024-05-02 09:09:54,944:INFO:[02/May/2024:09:09:54] ENGINE Stopped thread 'Autoreloader'.
2024-05-02 09:09:54,944:INFO:[02/May/2024:09:09:54] ENGINE Bus STOPPING
2024-05-02 09:09:55,124:INFO:[02/May/2024:09:09:55] ENGINE HTTP Server cherrypy._cpwsgi_server.CPWSGIServer(('0.0.0.0', 8080)) shut down
2024-05-02 09:09:55,124:INFO:[02/May/2024:09:09:55] ENGINE Bus STOPPED
2024-05-02 09:09:55,126:INFO:[02/May/2024:09:09:55] ENGINE Bus EXITING
2024-05-02 09:09:55,126:INFO:[02/May/2024:09:09:55] ENGINE Bus EXITED
2024-05-02 09:09:55,212:INFO:[02/May/2024:09:09:55] ENGINE Waiting for child threads to terminate...
2024-05-02 09:09:55,225:INFO:[02/May/2024:09:09:55] ENGINE Re-spawning C:\Users\71528\AppData\Local\Programs\Python\Python312\python.exe c:/Users/71528/Desktop/coding/PackageMeasurementConversionAPI/main.py
2024-05-02 09:09:56,199:INFO:[02/May/2024:09:09:56] ENGINE Listening for SIGTERM.
2024-05-02 09:09:56,199:INFO:[02/May/2024:09:09:56] ENGINE Bus STARTING
2024-05-02 09:09:56,199:INFO:[02/May/2024:09:09:56] ENGINE Started monitor thread 'Autoreloader'.
2024-05-02 09:09:56,413:INFO:[02/May/2024:09:09:56] ENGINE Serving on http://0.0.0.0:8080
2024-05-02 09:09:56,413:INFO:[02/May/2024:09:09:56] ENGINE Bus STARTED
2024-05-02 09:13:41,851:INFO:[02/May/2024:09:13:41] ENGINE Restarting because c:\Users\71528\Desktop\coding\PackageMeasurementConversionAPI\controller\measurement_controller.py changed.
2024-05-02 09:13:41,851:INFO:[02/May/2024:09:13:41] ENGINE Stopped thread 'Autoreloader'.
2024-05-02 09:13:41,851:INFO:[02/May/2024:09:13:41] ENGINE Bus STOPPING
2024-05-02 09:13:42,011:INFO:[02/May/2024:09:13:42] ENGINE HTTP Server cherrypy._cpwsgi_server.CPWSGIServer(('0.0.0.0', 8080)) shut down
2024-05-02 09:13:42,011:INFO:[02/May/2024:09:13:42] ENGINE Bus STOPPED
2024-05-02 09:13:42,011:INFO:[02/May/2024:09:13:42] ENGINE Bus EXITING
2024-05-02 09:13:42,013:INFO:[02/May/2024:09:13:42] ENGINE Bus EXITED
2024-05-02 09:13:42,050:INFO:[02/May/2024:09:13:42] ENGINE Waiting for child threads to terminate...
2024-05-02 09:13:42,052:INFO:[02/May/2024:09:13:42] ENGINE Re-spawning C:\Users\71528\AppData\Local\Programs\Python\Python312\python.exe c:/Users/71528/Desktop/coding/PackageMeasurementConversionAPI/main.py
2024-05-02 09:13:42,511:INFO:[02/May/2024:09:13:42] ENGINE Listening for SIGTERM.
2024-05-02 09:13:42,511:INFO:[02/May/2024:09:13:42] ENGINE Bus STARTING
2024-05-02 09:13:42,511:INFO:[02/May/2024:09:13:42] ENGINE Started monitor thread 'Autoreloader'.
2024-05-02 09:13:42,743:INFO:[02/May/2024:09:13:42] ENGINE Serving on http://0.0.0.0:8080
2024-05-02 09:13:42,743:INFO:[02/May/2024:09:13:42] ENGINE Bus STARTED
2024-05-02 09:13:53,021:INFO:127.0.0.1 - - [02/May/2024:09:13:53] "GET /convert?input_str=ab HTTP/1.1" 200 30 "" "Mozilla/5.0 (Windows NT 10.0; Win64; x64) AppleWebKit/537.36 (KHTML, like Gecko) Chrome/124.0.0.0 Safari/537.36"
2024-05-02 09:14:00,854:INFO:127.0.0.1 - - [02/May/2024:09:14:00] "GET /convert?input_str=aa HTTP/1.1" 200 30 "" "Mozilla/5.0 (Windows NT 10.0; Win64; x64) AppleWebKit/537.36 (KHTML, like Gecko) Chrome/124.0.0.0 Safari/537.36"
2024-05-02 09:14:13,026:INFO:127.0.0.1 - - [02/May/2024:09:14:13] "GET /convert?input_str=aaa HTTP/1.1" 200 34 "" "Mozilla/5.0 (Windows NT 10.0; Win64; x64) AppleWebKit/537.36 (KHTML, like Gecko) Chrome/124.0.0.0 Safari/537.36"
2024-05-02 09:14:24,455:INFO:127.0.0.1 - - [02/May/2024:09:14:24] "GET /convert?input_str=aa HTTP/1.1" 200 30 "" "Mozilla/5.0 (Windows NT 10.0; Win64; x64) AppleWebKit/537.36 (KHTML, like Gecko) Chrome/124.0.0.0 Safari/537.36"
2024-05-02 09:14:50,218:INFO:127.0.0.1 - - [02/May/2024:09:14:50] "GET /history HTTP/1.1" 200 292 "" "Mozilla/5.0 (Windows NT 10.0; Win64; x64) AppleWebKit/537.36 (KHTML, like Gecko) Chrome/124.0.0.0 Safari/537.36"
2024-05-02 09:22:02,372:INFO:[02/May/2024:09:22:02] ENGINE Restarting because c:\Users\71528\Desktop\coding\PackageMeasurementConversionAPI\controller\measurement_controller.py changed.
2024-05-02 09:22:02,379:INFO:[02/May/2024:09:22:02] ENGINE Stopped thread 'Autoreloader'.
2024-05-02 09:22:02,379:INFO:[02/May/2024:09:22:02] ENGINE Bus STOPPING
2024-05-02 09:22:02,500:INFO:[02/May/2024:09:22:02] ENGINE HTTP Server cherrypy._cpwsgi_server.CPWSGIServer(('0.0.0.0', 8080)) shut down
2024-05-02 09:22:02,500:INFO:[02/May/2024:09:22:02] ENGINE Bus STOPPED
2024-05-02 09:22:02,500:INFO:[02/May/2024:09:22:02] ENGINE Bus EXITING
2024-05-02 09:22:02,500:INFO:[02/May/2024:09:22:02] ENGINE Bus EXITED
2024-05-02 09:22:02,580:INFO:[02/May/2024:09:22:02] ENGINE Waiting for child threads to terminate...
2024-05-02 09:22:02,580:INFO:[02/May/2024:09:22:02] ENGINE Re-spawning C:\Users\71528\AppData\Local\Programs\Python\Python312\python.exe c:/Users/71528/Desktop/coding/PackageMeasurementConversionAPI/main.py
2024-05-02 09:22:03,089:INFO:[02/May/2024:09:22:03] ENGINE Listening for SIGTERM.
2024-05-02 09:22:03,089:INFO:[02/May/2024:09:22:03] ENGINE Bus STARTING
2024-05-02 09:22:03,089:INFO:[02/May/2024:09:22:03] ENGINE Started monitor thread 'Autoreloader'.
2024-05-02 09:22:03,291:INFO:[02/May/2024:09:22:03] ENGINE Serving on http://0.0.0.0:8080
2024-05-02 09:22:03,291:INFO:[02/May/2024:09:22:03] ENGINE Bus STARTED
2024-05-02 09:22:08,270:INFO:127.0.0.1 - - [02/May/2024:09:22:08] "POST /history HTTP/1.1" 200 292 "" "PostmanRuntime/7.37.3"
2024-05-02 09:25:57,605:INFO:[02/May/2024:09:25:57] ENGINE Restarting because c:\Users\71528\Desktop\coding\PackageMeasurementConversionAPI\controller\measurement_controller.py changed.
2024-05-02 09:25:57,605:INFO:[02/May/2024:09:25:57] ENGINE Stopped thread 'Autoreloader'.
2024-05-02 09:25:57,605:INFO:[02/May/2024:09:25:57] ENGINE Bus STOPPING
2024-05-02 09:25:57,777:INFO:[02/May/2024:09:25:57] ENGINE HTTP Server cherrypy._cpwsgi_server.CPWSGIServer(('0.0.0.0', 8080)) shut down
2024-05-02 09:25:57,777:INFO:[02/May/2024:09:25:57] ENGINE Bus STOPPED
2024-05-02 09:25:57,777:INFO:[02/May/2024:09:25:57] ENGINE Bus EXITING
2024-05-02 09:25:57,777:INFO:[02/May/2024:09:25:57] ENGINE Bus EXITED
2024-05-02 09:25:57,841:INFO:[02/May/2024:09:25:57] ENGINE Waiting for child threads to terminate...
2024-05-02 09:25:57,841:INFO:[02/May/2024:09:25:57] ENGINE Re-spawning C:\Users\71528\AppData\Local\Programs\Python\Python312\python.exe c:/Users/71528/Desktop/coding/PackageMeasurementConversionAPI/main.py
2024-05-02 09:25:58,626:INFO:[02/May/2024:09:25:58] ENGINE Listening for SIGTERM.
2024-05-02 09:25:58,626:INFO:[02/May/2024:09:25:58] ENGINE Bus STARTING
2024-05-02 09:25:58,642:INFO:[02/May/2024:09:25:58] ENGINE Started monitor thread 'Autoreloader'.
2024-05-02 09:25:58,856:INFO:[02/May/2024:09:25:58] ENGINE Serving on http://0.0.0.0:8080
2024-05-02 09:25:58,856:INFO:[02/May/2024:09:25:58] ENGINE Bus STARTED
2024-05-02 09:26:50,430:INFO:[02/May/2024:09:26:50] ENGINE Restarting because c:\Users\71528\Desktop\coding\PackageMeasurementConversionAPI\controller\measurement_controller.py changed.
2024-05-02 09:26:50,430:INFO:[02/May/2024:09:26:50] ENGINE Stopped thread 'Autoreloader'.
2024-05-02 09:26:50,430:INFO:[02/May/2024:09:26:50] ENGINE Bus STOPPING
2024-05-02 09:26:50,548:INFO:[02/May/2024:09:26:50] ENGINE HTTP Server cherrypy._cpwsgi_server.CPWSGIServer(('0.0.0.0', 8080)) shut down
2024-05-02 09:26:50,549:INFO:[02/May/2024:09:26:50] ENGINE Bus STOPPED
2024-05-02 09:26:50,550:INFO:[02/May/2024:09:26:50] ENGINE Bus EXITING
2024-05-02 09:26:50,550:INFO:[02/May/2024:09:26:50] ENGINE Bus EXITED
2024-05-02 09:26:50,557:INFO:[02/May/2024:09:26:50] ENGINE Waiting for child threads to terminate...
2024-05-02 09:26:50,557:INFO:[02/May/2024:09:26:50] ENGINE Re-spawning C:\Users\71528\AppData\Local\Programs\Python\Python312\python.exe c:/Users/71528/Desktop/coding/PackageMeasurementConversionAPI/main.py
2024-05-02 09:26:51,064:INFO:[02/May/2024:09:26:51] ENGINE Listening for SIGTERM.
2024-05-02 09:26:51,064:INFO:[02/May/2024:09:26:51] ENGINE Bus STARTING
2024-05-02 09:26:51,064:INFO:[02/May/2024:09:26:51] ENGINE Started monitor thread 'Autoreloader'.
2024-05-02 09:26:51,300:INFO:[02/May/2024:09:26:51] ENGINE Serving on http://0.0.0.0:8080
2024-05-02 09:26:51,302:INFO:[02/May/2024:09:26:51] ENGINE Bus STARTED
2024-05-02 09:26:54,112:INFO:[02/May/2024:09:26:54] ENGINE Restarting because c:\Users\71528\Desktop\coding\PackageMeasurementConversionAPI\controller\measurement_controller.py changed.
2024-05-02 09:26:54,112:INFO:[02/May/2024:09:26:54] ENGINE Stopped thread 'Autoreloader'.
2024-05-02 09:26:54,112:INFO:[02/May/2024:09:26:54] ENGINE Bus STOPPING
2024-05-02 09:26:54,258:INFO:[02/May/2024:09:26:54] ENGINE HTTP Server cherrypy._cpwsgi_server.CPWSGIServer(('0.0.0.0', 8080)) shut down
2024-05-02 09:26:54,259:INFO:[02/May/2024:09:26:54] ENGINE Bus STOPPED
2024-05-02 09:26:54,261:INFO:[02/May/2024:09:26:54] ENGINE Bus EXITING
2024-05-02 09:26:54,261:INFO:[02/May/2024:09:26:54] ENGINE Bus EXITED
2024-05-02 09:26:54,318:INFO:[02/May/2024:09:26:54] ENGINE Waiting for child threads to terminate...
2024-05-02 09:26:54,318:INFO:[02/May/2024:09:26:54] ENGINE Re-spawning C:\Users\71528\AppData\Local\Programs\Python\Python312\python.exe c:/Users/71528/Desktop/coding/PackageMeasurementConversionAPI/main.py
2024-05-02 09:26:54,775:INFO:[02/May/2024:09:26:54] ENGINE Listening for SIGTERM.
2024-05-02 09:26:54,775:INFO:[02/May/2024:09:26:54] ENGINE Bus STARTING
2024-05-02 09:26:54,781:INFO:[02/May/2024:09:26:54] ENGINE Started monitor thread 'Autoreloader'.
2024-05-02 09:26:55,000:INFO:[02/May/2024:09:26:55] ENGINE Serving on http://0.0.0.0:8080
2024-05-02 09:26:55,001:INFO:[02/May/2024:09:26:55] ENGINE Bus STARTED
2024-05-02 09:27:21,145:INFO:[02/May/2024:09:27:21] ENGINE Restarting because c:\Users\71528\Desktop\coding\PackageMeasurementConversionAPI\controller\measurement_controller.py changed.
2024-05-02 09:27:21,145:INFO:[02/May/2024:09:27:21] ENGINE Stopped thread 'Autoreloader'.
2024-05-02 09:27:21,145:INFO:[02/May/2024:09:27:21] ENGINE Bus STOPPING
2024-05-02 09:27:21,283:INFO:[02/May/2024:09:27:21] ENGINE HTTP Server cherrypy._cpwsgi_server.CPWSGIServer(('0.0.0.0', 8080)) shut down
2024-05-02 09:27:21,283:INFO:[02/May/2024:09:27:21] ENGINE Bus STOPPED
2024-05-02 09:27:21,283:INFO:[02/May/2024:09:27:21] ENGINE Bus EXITING
2024-05-02 09:27:21,283:INFO:[02/May/2024:09:27:21] ENGINE Bus EXITED
2024-05-02 09:27:21,344:INFO:[02/May/2024:09:27:21] ENGINE Waiting for child threads to terminate...
2024-05-02 09:27:21,345:INFO:[02/May/2024:09:27:21] ENGINE Re-spawning C:\Users\71528\AppData\Local\Programs\Python\Python312\python.exe c:/Users/71528/Desktop/coding/PackageMeasurementConversionAPI/main.py
2024-05-02 09:27:21,785:INFO:[02/May/2024:09:27:21] ENGINE Listening for SIGTERM.
2024-05-02 09:27:21,785:INFO:[02/May/2024:09:27:21] ENGINE Bus STARTING
2024-05-02 09:27:21,785:INFO:[02/May/2024:09:27:21] ENGINE Started monitor thread 'Autoreloader'.
2024-05-02 09:27:22,004:INFO:[02/May/2024:09:27:22] ENGINE Serving on http://0.0.0.0:8080
2024-05-02 09:27:22,004:INFO:[02/May/2024:09:27:22] ENGINE Bus STARTED
2024-05-02 09:27:26,171:ERROR:[02/May/2024:09:27:26] HTTP 
Traceback (most recent call last):
  File "C:\Users\71528\AppData\Roaming\Python\Python312\site-packages\cherrypy\_cprequest.py", line 638, in respond
    self._do_respond(path_info)
  File "C:\Users\71528\AppData\Roaming\Python\Python312\site-packages\cherrypy\_cprequest.py", line 697, in _do_respond
    response.body = self.handler()
                    ^^^^^^^^^^^^^^
  File "C:\Users\71528\AppData\Roaming\Python\Python312\site-packages\cherrypy\lib\encoding.py", line 223, in __call__
    self.body = self.oldhandler(*args, **kwargs)
                ^^^^^^^^^^^^^^^^^^^^^^^^^^^^^^^^
  File "C:\Users\71528\AppData\Roaming\Python\Python312\site-packages\cherrypy\lib\jsontools.py", line 59, in json_handler
    value = cherrypy.serving.request._json_inner_handler(*args, **kwargs)
            ^^^^^^^^^^^^^^^^^^^^^^^^^^^^^^^^^^^^^^^^^^^^^^^^^^^^^^^^^^^^^
  File "C:\Users\71528\AppData\Roaming\Python\Python312\site-packages\cherrypy\_cpdispatch.py", line 54, in __call__
    return self.callable(*self.args, **self.kwargs)
           ^^^^^^^^^^^^^^^^^^^^^^^^^^^^^^^^^^^^^^^^
  File "c:\Users\71528\Desktop\coding\PackageMeasurementConversionAPI\controller\measurement_controller.py", line 32, in history
    return {"history": self.get_history()}
                       ^^^^^^^^^^^^^^^^
AttributeError: 'MeasurementAPI' object has no attribute 'get_history'
2024-05-02 09:27:26,220:INFO:[02/May/2024:09:27:26] HTTP 
Request Headers:
  Remote-Addr: 127.0.0.1
  USER-AGENT: PostmanRuntime/7.37.3
  ACCEPT: */*
  CACHE-CONTROL: no-cache
  POSTMAN-TOKEN: c84243c6-8a83-4d81-be55-25d1256c4b00
  HOST: localhost:8080
  ACCEPT-ENCODING: gzip, deflate, br
  CONNECTION: keep-alive
  Content-Length: 0
2024-05-02 09:27:26,226:INFO:127.0.0.1 - - [02/May/2024:09:27:26] "POST /history HTTP/1.1" 500 2189 "" "PostmanRuntime/7.37.3"
2024-05-02 09:27:57,330:INFO:[02/May/2024:09:27:57] ENGINE Restarting because c:\Users\71528\Desktop\coding\PackageMeasurementConversionAPI\controller\measurement_controller.py changed.
2024-05-02 09:27:57,330:INFO:[02/May/2024:09:27:57] ENGINE Stopped thread 'Autoreloader'.
2024-05-02 09:27:57,331:INFO:[02/May/2024:09:27:57] ENGINE Bus STOPPING
2024-05-02 09:27:57,529:INFO:[02/May/2024:09:27:57] ENGINE HTTP Server cherrypy._cpwsgi_server.CPWSGIServer(('0.0.0.0', 8080)) shut down
2024-05-02 09:27:57,531:INFO:[02/May/2024:09:27:57] ENGINE Bus STOPPED
2024-05-02 09:27:57,531:INFO:[02/May/2024:09:27:57] ENGINE Bus EXITING
2024-05-02 09:27:57,531:INFO:[02/May/2024:09:27:57] ENGINE Bus EXITED
2024-05-02 09:27:57,603:INFO:[02/May/2024:09:27:57] ENGINE Waiting for child threads to terminate...
2024-05-02 09:27:57,603:INFO:[02/May/2024:09:27:57] ENGINE Re-spawning C:\Users\71528\AppData\Local\Programs\Python\Python312\python.exe c:/Users/71528/Desktop/coding/PackageMeasurementConversionAPI/main.py
2024-05-02 09:27:58,083:INFO:[02/May/2024:09:27:58] ENGINE Listening for SIGTERM.
2024-05-02 09:27:58,083:INFO:[02/May/2024:09:27:58] ENGINE Bus STARTING
2024-05-02 09:27:58,083:INFO:[02/May/2024:09:27:58] ENGINE Started monitor thread 'Autoreloader'.
2024-05-02 09:27:58,306:INFO:[02/May/2024:09:27:58] ENGINE Serving on http://0.0.0.0:8080
2024-05-02 09:27:58,308:INFO:[02/May/2024:09:27:58] ENGINE Bus STARTED
2024-05-02 09:28:01,747:INFO:127.0.0.1 - - [02/May/2024:09:28:01] "POST /history HTTP/1.1" 200 292 "" "PostmanRuntime/7.37.3"
2024-05-02 09:29:12,293:INFO:[02/May/2024:09:29:12] ENGINE Restarting because c:\Users\71528\Desktop\coding\PackageMeasurementConversionAPI\controller\measurement_controller.py changed.
2024-05-02 09:29:12,294:INFO:[02/May/2024:09:29:12] ENGINE Stopped thread 'Autoreloader'.
2024-05-02 09:29:12,294:INFO:[02/May/2024:09:29:12] ENGINE Bus STOPPING
2024-05-02 09:29:12,425:INFO:[02/May/2024:09:29:12] ENGINE HTTP Server cherrypy._cpwsgi_server.CPWSGIServer(('0.0.0.0', 8080)) shut down
2024-05-02 09:29:12,425:INFO:[02/May/2024:09:29:12] ENGINE Bus STOPPED
2024-05-02 09:29:12,426:INFO:[02/May/2024:09:29:12] ENGINE Bus EXITING
2024-05-02 09:29:12,426:INFO:[02/May/2024:09:29:12] ENGINE Bus EXITED
2024-05-02 09:29:12,455:INFO:[02/May/2024:09:29:12] ENGINE Waiting for child threads to terminate...
2024-05-02 09:29:12,455:INFO:[02/May/2024:09:29:12] ENGINE Re-spawning C:\Users\71528\AppData\Local\Programs\Python\Python312\python.exe c:/Users/71528/Desktop/coding/PackageMeasurementConversionAPI/main.py
2024-05-02 09:29:13,010:INFO:[02/May/2024:09:29:13] ENGINE Listening for SIGTERM.
2024-05-02 09:29:13,016:INFO:[02/May/2024:09:29:13] ENGINE Bus STARTING
2024-05-02 09:29:13,016:INFO:[02/May/2024:09:29:13] ENGINE Started monitor thread 'Autoreloader'.
2024-05-02 09:29:13,252:INFO:[02/May/2024:09:29:13] ENGINE Serving on http://0.0.0.0:8080
2024-05-02 09:29:13,252:INFO:[02/May/2024:09:29:13] ENGINE Bus STARTED
2024-05-02 09:31:24,898:INFO:[02/May/2024:09:31:24] ENGINE Restarting because c:\Users\71528\Desktop\coding\PackageMeasurementConversionAPI\controller\measurement_controller.py changed.
2024-05-02 09:31:24,898:INFO:[02/May/2024:09:31:24] ENGINE Stopped thread 'Autoreloader'.
2024-05-02 09:31:24,898:INFO:[02/May/2024:09:31:24] ENGINE Bus STOPPING
2024-05-02 09:31:25,037:INFO:[02/May/2024:09:31:25] ENGINE HTTP Server cherrypy._cpwsgi_server.CPWSGIServer(('0.0.0.0', 8080)) shut down
2024-05-02 09:31:25,037:INFO:[02/May/2024:09:31:25] ENGINE Bus STOPPED
2024-05-02 09:31:25,037:INFO:[02/May/2024:09:31:25] ENGINE Bus EXITING
2024-05-02 09:31:25,037:INFO:[02/May/2024:09:31:25] ENGINE Bus EXITED
2024-05-02 09:31:25,100:INFO:[02/May/2024:09:31:25] ENGINE Waiting for child threads to terminate...
2024-05-02 09:31:25,100:INFO:[02/May/2024:09:31:25] ENGINE Re-spawning C:\Users\71528\AppData\Local\Programs\Python\Python312\python.exe c:/Users/71528/Desktop/coding/PackageMeasurementConversionAPI/main.py
2024-05-02 09:31:25,506:INFO:[02/May/2024:09:31:25] ENGINE Listening for SIGTERM.
2024-05-02 09:31:25,506:INFO:[02/May/2024:09:31:25] ENGINE Bus STARTING
2024-05-02 09:31:25,506:INFO:[02/May/2024:09:31:25] ENGINE Started monitor thread 'Autoreloader'.
2024-05-02 09:31:25,723:INFO:[02/May/2024:09:31:25] ENGINE Serving on http://0.0.0.0:8080
2024-05-02 09:31:25,724:INFO:[02/May/2024:09:31:25] ENGINE Bus STARTED
2024-05-02 09:31:50,144:INFO:[02/May/2024:09:31:50] ENGINE Listening for SIGTERM.
2024-05-02 09:31:50,144:INFO:[02/May/2024:09:31:50] ENGINE Bus STARTING
2024-05-02 09:31:50,144:INFO:[02/May/2024:09:31:50] ENGINE Started monitor thread 'Autoreloader'.
2024-05-02 09:31:51,336:ERROR:[02/May/2024:09:31:51] ENGINE Error in 'start' listener <bound method Server.start of <cherrypy._cpserver.Server object at 0x000002B65342A420>>
Traceback (most recent call last):
  File "C:\Users\71528\AppData\Roaming\Python\Python312\site-packages\portend.py", line 122, in free
    Checker(timeout=0.1).assert_free(host, port)
  File "C:\Users\71528\AppData\Roaming\Python\Python312\site-packages\portend.py", line 71, in assert_free
    list(itertools.starmap(self._connect, info))
  File "C:\Users\71528\AppData\Roaming\Python\Python312\site-packages\portend.py", line 87, in _connect
    raise PortNotFree(tmpl.format(**locals()))
portend.PortNotFree: Port 8080 is in use on 127.0.0.1.

During handling of the above exception, another exception occurred:

Traceback (most recent call last):
  File "C:\Users\71528\AppData\Roaming\Python\Python312\site-packages\cherrypy\process\wspbus.py", line 230, in publish
    output.append(listener(*args, **kwargs))
                  ^^^^^^^^^^^^^^^^^^^^^^^^^
  File "C:\Users\71528\AppData\Roaming\Python\Python312\site-packages\cherrypy\_cpserver.py", line 180, in start
    super(Server, self).start()
  File "C:\Users\71528\AppData\Roaming\Python\Python312\site-packages\cherrypy\process\servers.py", line 177, in start
    portend.free(*self.bind_addr, timeout=Timeouts.free)
  File "C:\Users\71528\AppData\Roaming\Python\Python312\site-packages\portend.py", line 126, in free
    raise Timeout("Port {port} not free on {host}.".format(**locals()))
portend.Timeout: Port 8080 not free on 0.0.0.0.

2024-05-02 09:31:51,341:ERROR:[02/May/2024:09:31:51] ENGINE Shutting down due to error in start listener:
Traceback (most recent call last):
  File "C:\Users\71528\AppData\Roaming\Python\Python312\site-packages\cherrypy\process\wspbus.py", line 268, in start
    self.publish('start')
  File "C:\Users\71528\AppData\Roaming\Python\Python312\site-packages\cherrypy\process\wspbus.py", line 248, in publish
    raise exc
cherrypy.process.wspbus.ChannelFailures: Timeout('Port 8080 not free on 0.0.0.0.')

2024-05-02 09:31:51,343:INFO:[02/May/2024:09:31:51] ENGINE Bus STOPPING
2024-05-02 09:31:51,343:INFO:[02/May/2024:09:31:51] ENGINE HTTP Server cherrypy._cpwsgi_server.CPWSGIServer(('0.0.0.0', 8080)) already shut down
2024-05-02 09:31:51,343:INFO:[02/May/2024:09:31:51] ENGINE Stopped thread 'Autoreloader'.
2024-05-02 09:31:51,343:INFO:[02/May/2024:09:31:51] ENGINE Bus STOPPED
2024-05-02 09:31:51,344:INFO:[02/May/2024:09:31:51] ENGINE Bus EXITING
2024-05-02 09:31:51,344:INFO:[02/May/2024:09:31:51] ENGINE Bus EXITED
2024-05-02 09:32:05,402:INFO:[02/May/2024:09:32:05] ENGINE Listening for SIGTERM.
2024-05-02 09:32:05,402:INFO:[02/May/2024:09:32:05] ENGINE Bus STARTING
2024-05-02 09:32:05,418:INFO:[02/May/2024:09:32:05] ENGINE Started monitor thread 'Autoreloader'.
2024-05-02 09:32:06,506:ERROR:[02/May/2024:09:32:06] ENGINE Error in 'start' listener <bound method Server.start of <cherrypy._cpserver.Server object at 0x000001F193149190>>
Traceback (most recent call last):
  File "C:\Users\71528\AppData\Roaming\Python\Python312\site-packages\portend.py", line 122, in free
    Checker(timeout=0.1).assert_free(host, port)
  File "C:\Users\71528\AppData\Roaming\Python\Python312\site-packages\portend.py", line 71, in assert_free
    list(itertools.starmap(self._connect, info))
  File "C:\Users\71528\AppData\Roaming\Python\Python312\site-packages\portend.py", line 87, in _connect
    raise PortNotFree(tmpl.format(**locals()))
portend.PortNotFree: Port 8080 is in use on 127.0.0.1.

During handling of the above exception, another exception occurred:

Traceback (most recent call last):
  File "C:\Users\71528\AppData\Roaming\Python\Python312\site-packages\cherrypy\process\wspbus.py", line 230, in publish
    output.append(listener(*args, **kwargs))
                  ^^^^^^^^^^^^^^^^^^^^^^^^^
  File "C:\Users\71528\AppData\Roaming\Python\Python312\site-packages\cherrypy\_cpserver.py", line 180, in start
    super(Server, self).start()
  File "C:\Users\71528\AppData\Roaming\Python\Python312\site-packages\cherrypy\process\servers.py", line 177, in start
    portend.free(*self.bind_addr, timeout=Timeouts.free)
  File "C:\Users\71528\AppData\Roaming\Python\Python312\site-packages\portend.py", line 126, in free
    raise Timeout("Port {port} not free on {host}.".format(**locals()))
portend.Timeout: Port 8080 not free on 0.0.0.0.

2024-05-02 09:32:06,518:ERROR:[02/May/2024:09:32:06] ENGINE Shutting down due to error in start listener:
Traceback (most recent call last):
  File "C:\Users\71528\AppData\Roaming\Python\Python312\site-packages\cherrypy\process\wspbus.py", line 268, in start
    self.publish('start')
  File "C:\Users\71528\AppData\Roaming\Python\Python312\site-packages\cherrypy\process\wspbus.py", line 248, in publish
    raise exc
cherrypy.process.wspbus.ChannelFailures: Timeout('Port 8080 not free on 0.0.0.0.')

2024-05-02 09:32:06,520:INFO:[02/May/2024:09:32:06] ENGINE Bus STOPPING
2024-05-02 09:32:06,522:INFO:[02/May/2024:09:32:06] ENGINE HTTP Server cherrypy._cpwsgi_server.CPWSGIServer(('0.0.0.0', 8080)) already shut down
2024-05-02 09:32:06,523:INFO:[02/May/2024:09:32:06] ENGINE Stopped thread 'Autoreloader'.
2024-05-02 09:32:06,523:INFO:[02/May/2024:09:32:06] ENGINE Bus STOPPED
2024-05-02 09:32:06,523:INFO:[02/May/2024:09:32:06] ENGINE Bus EXITING
2024-05-02 09:32:06,523:INFO:[02/May/2024:09:32:06] ENGINE Bus EXITED
2024-05-02 09:32:20,113:INFO:[02/May/2024:09:32:20] ENGINE Listening for SIGTERM.
2024-05-02 09:32:20,113:INFO:[02/May/2024:09:32:20] ENGINE Bus STARTING
2024-05-02 09:32:20,113:INFO:[02/May/2024:09:32:20] ENGINE Started monitor thread 'Autoreloader'.
2024-05-02 09:32:20,332:INFO:[02/May/2024:09:32:20] ENGINE Serving on http://0.0.0.0:8080
2024-05-02 09:32:20,332:INFO:[02/May/2024:09:32:20] ENGINE Bus STARTED
2024-05-02 09:32:27,460:INFO:127.0.0.1 - - [02/May/2024:09:32:27] "POST /history HTTP/1.1" 200 292 "" "PostmanRuntime/7.37.3"
2024-05-02 09:33:03,653:INFO:127.0.0.1 - - [02/May/2024:09:33:03] "POST /convert?input_str=bbf HTTP/1.1" 200 33 "" "PostmanRuntime/7.37.3"
2024-05-02 09:33:14,251:INFO:127.0.0.1 - - [02/May/2024:09:33:14] "POST /history HTTP/1.1" 200 327 "" "PostmanRuntime/7.37.3"
2024-05-02 09:33:18,786:INFO:127.0.0.1 - - [02/May/2024:09:33:18] "GET /history HTTP/1.1" 200 327 "" "PostmanRuntime/7.37.3"
2024-05-02 09:35:57,893:INFO:[02/May/2024:09:35:57] ENGINE Restarting because c:\Users\71528\Desktop\coding\PackageMeasurementConversionAPI\controller\measurement_controller.py changed.
2024-05-02 09:35:57,893:INFO:[02/May/2024:09:35:57] ENGINE Stopped thread 'Autoreloader'.
2024-05-02 09:35:57,893:INFO:[02/May/2024:09:35:57] ENGINE Bus STOPPING
2024-05-02 09:35:58,057:INFO:[02/May/2024:09:35:58] ENGINE HTTP Server cherrypy._cpwsgi_server.CPWSGIServer(('0.0.0.0', 8080)) shut down
2024-05-02 09:35:58,057:INFO:[02/May/2024:09:35:58] ENGINE Bus STOPPED
2024-05-02 09:35:58,057:INFO:[02/May/2024:09:35:58] ENGINE Bus EXITING
2024-05-02 09:35:58,057:INFO:[02/May/2024:09:35:58] ENGINE Bus EXITED
2024-05-02 09:35:58,082:INFO:[02/May/2024:09:35:58] ENGINE Waiting for child threads to terminate...
2024-05-02 09:35:58,082:INFO:[02/May/2024:09:35:58] ENGINE Re-spawning C:\Users\71528\AppData\Local\Programs\Python\Python312\python.exe c:/Users/71528/Desktop/coding/PackageMeasurementConversionAPI/main.py
2024-05-02 09:35:58,553:INFO:[02/May/2024:09:35:58] ENGINE Listening for SIGTERM.
2024-05-02 09:35:58,553:INFO:[02/May/2024:09:35:58] ENGINE Bus STARTING
2024-05-02 09:35:58,559:INFO:[02/May/2024:09:35:58] ENGINE Started monitor thread 'Autoreloader'.
2024-05-02 09:35:58,767:INFO:[02/May/2024:09:35:58] ENGINE Serving on http://0.0.0.0:8080
2024-05-02 09:35:58,768:INFO:[02/May/2024:09:35:58] ENGINE Bus STARTED
2024-05-02 09:36:14,983:INFO:[02/May/2024:09:36:14] ENGINE Listening for SIGTERM.
2024-05-02 09:36:14,983:INFO:[02/May/2024:09:36:14] ENGINE Bus STARTING
2024-05-02 09:36:14,983:INFO:[02/May/2024:09:36:14] ENGINE Started monitor thread 'Autoreloader'.
2024-05-02 09:36:16,073:ERROR:[02/May/2024:09:36:16] ENGINE Error in 'start' listener <bound method Server.start of <cherrypy._cpserver.Server object at 0x000001DA600F7440>>
Traceback (most recent call last):
  File "C:\Users\71528\AppData\Roaming\Python\Python312\site-packages\portend.py", line 122, in free
    Checker(timeout=0.1).assert_free(host, port)
  File "C:\Users\71528\AppData\Roaming\Python\Python312\site-packages\portend.py", line 71, in assert_free
    list(itertools.starmap(self._connect, info))
  File "C:\Users\71528\AppData\Roaming\Python\Python312\site-packages\portend.py", line 87, in _connect
    raise PortNotFree(tmpl.format(**locals()))
portend.PortNotFree: Port 8080 is in use on 127.0.0.1.

During handling of the above exception, another exception occurred:

Traceback (most recent call last):
  File "C:\Users\71528\AppData\Roaming\Python\Python312\site-packages\cherrypy\process\wspbus.py", line 230, in publish
    output.append(listener(*args, **kwargs))
                  ^^^^^^^^^^^^^^^^^^^^^^^^^
  File "C:\Users\71528\AppData\Roaming\Python\Python312\site-packages\cherrypy\_cpserver.py", line 180, in start
    super(Server, self).start()
  File "C:\Users\71528\AppData\Roaming\Python\Python312\site-packages\cherrypy\process\servers.py", line 177, in start
    portend.free(*self.bind_addr, timeout=Timeouts.free)
  File "C:\Users\71528\AppData\Roaming\Python\Python312\site-packages\portend.py", line 126, in free
    raise Timeout("Port {port} not free on {host}.".format(**locals()))
portend.Timeout: Port 8080 not free on 0.0.0.0.

2024-05-02 09:36:16,073:ERROR:[02/May/2024:09:36:16] ENGINE Shutting down due to error in start listener:
Traceback (most recent call last):
  File "C:\Users\71528\AppData\Roaming\Python\Python312\site-packages\cherrypy\process\wspbus.py", line 268, in start
    self.publish('start')
  File "C:\Users\71528\AppData\Roaming\Python\Python312\site-packages\cherrypy\process\wspbus.py", line 248, in publish
    raise exc
cherrypy.process.wspbus.ChannelFailures: Timeout('Port 8080 not free on 0.0.0.0.')

2024-05-02 09:36:16,082:INFO:[02/May/2024:09:36:16] ENGINE Bus STOPPING
2024-05-02 09:36:16,082:INFO:[02/May/2024:09:36:16] ENGINE HTTP Server cherrypy._cpwsgi_server.CPWSGIServer(('0.0.0.0', 8080)) already shut down
2024-05-02 09:36:16,082:INFO:[02/May/2024:09:36:16] ENGINE Stopped thread 'Autoreloader'.
2024-05-02 09:36:16,082:INFO:[02/May/2024:09:36:16] ENGINE Bus STOPPED
2024-05-02 09:36:16,082:INFO:[02/May/2024:09:36:16] ENGINE Bus EXITING
2024-05-02 09:36:16,085:INFO:[02/May/2024:09:36:16] ENGINE Bus EXITED
2024-05-02 09:36:25,610:INFO:[02/May/2024:09:36:25] ENGINE Listening for SIGTERM.
2024-05-02 09:36:25,610:INFO:[02/May/2024:09:36:25] ENGINE Bus STARTING
2024-05-02 09:36:25,610:INFO:[02/May/2024:09:36:25] ENGINE Started monitor thread 'Autoreloader'.
2024-05-02 09:36:26,747:ERROR:[02/May/2024:09:36:26] ENGINE Error in 'start' listener <bound method Server.start of <cherrypy._cpserver.Server object at 0x0000023863B3F2F0>>
Traceback (most recent call last):
  File "C:\Users\71528\AppData\Roaming\Python\Python312\site-packages\portend.py", line 122, in free
    Checker(timeout=0.1).assert_free(host, port)
  File "C:\Users\71528\AppData\Roaming\Python\Python312\site-packages\portend.py", line 71, in assert_free
    list(itertools.starmap(self._connect, info))
  File "C:\Users\71528\AppData\Roaming\Python\Python312\site-packages\portend.py", line 87, in _connect
    raise PortNotFree(tmpl.format(**locals()))
portend.PortNotFree: Port 8080 is in use on 127.0.0.1.

During handling of the above exception, another exception occurred:

Traceback (most recent call last):
  File "C:\Users\71528\AppData\Roaming\Python\Python312\site-packages\cherrypy\process\wspbus.py", line 230, in publish
    output.append(listener(*args, **kwargs))
                  ^^^^^^^^^^^^^^^^^^^^^^^^^
  File "C:\Users\71528\AppData\Roaming\Python\Python312\site-packages\cherrypy\_cpserver.py", line 180, in start
    super(Server, self).start()
  File "C:\Users\71528\AppData\Roaming\Python\Python312\site-packages\cherrypy\process\servers.py", line 177, in start
    portend.free(*self.bind_addr, timeout=Timeouts.free)
  File "C:\Users\71528\AppData\Roaming\Python\Python312\site-packages\portend.py", line 126, in free
    raise Timeout("Port {port} not free on {host}.".format(**locals()))
portend.Timeout: Port 8080 not free on 0.0.0.0.

2024-05-02 09:36:26,750:ERROR:[02/May/2024:09:36:26] ENGINE Shutting down due to error in start listener:
Traceback (most recent call last):
  File "C:\Users\71528\AppData\Roaming\Python\Python312\site-packages\cherrypy\process\wspbus.py", line 268, in start
    self.publish('start')
  File "C:\Users\71528\AppData\Roaming\Python\Python312\site-packages\cherrypy\process\wspbus.py", line 248, in publish
    raise exc
cherrypy.process.wspbus.ChannelFailures: Timeout('Port 8080 not free on 0.0.0.0.')

2024-05-02 09:36:26,750:INFO:[02/May/2024:09:36:26] ENGINE Bus STOPPING
2024-05-02 09:36:26,750:INFO:[02/May/2024:09:36:26] ENGINE HTTP Server cherrypy._cpwsgi_server.CPWSGIServer(('0.0.0.0', 8080)) already shut down
2024-05-02 09:36:26,750:INFO:[02/May/2024:09:36:26] ENGINE Stopped thread 'Autoreloader'.
2024-05-02 09:36:26,750:INFO:[02/May/2024:09:36:26] ENGINE Bus STOPPED
2024-05-02 09:36:26,750:INFO:[02/May/2024:09:36:26] ENGINE Bus EXITING
2024-05-02 09:36:26,750:INFO:[02/May/2024:09:36:26] ENGINE Bus EXITED
2024-05-02 09:36:32,264:INFO:[02/May/2024:09:36:32] ENGINE Listening for SIGTERM.
2024-05-02 09:36:32,264:INFO:[02/May/2024:09:36:32] ENGINE Bus STARTING
2024-05-02 09:36:32,277:INFO:[02/May/2024:09:36:32] ENGINE Started monitor thread 'Autoreloader'.
2024-05-02 09:36:33,369:ERROR:[02/May/2024:09:36:33] ENGINE Error in 'start' listener <bound method Server.start of <cherrypy._cpserver.Server object at 0x000001B9306F14C0>>
Traceback (most recent call last):
  File "C:\Users\71528\AppData\Roaming\Python\Python312\site-packages\portend.py", line 122, in free
    Checker(timeout=0.1).assert_free(host, port)
  File "C:\Users\71528\AppData\Roaming\Python\Python312\site-packages\portend.py", line 71, in assert_free
    list(itertools.starmap(self._connect, info))
  File "C:\Users\71528\AppData\Roaming\Python\Python312\site-packages\portend.py", line 87, in _connect
    raise PortNotFree(tmpl.format(**locals()))
portend.PortNotFree: Port 8080 is in use on 127.0.0.1.

During handling of the above exception, another exception occurred:

Traceback (most recent call last):
  File "C:\Users\71528\AppData\Roaming\Python\Python312\site-packages\cherrypy\process\wspbus.py", line 230, in publish
    output.append(listener(*args, **kwargs))
                  ^^^^^^^^^^^^^^^^^^^^^^^^^
  File "C:\Users\71528\AppData\Roaming\Python\Python312\site-packages\cherrypy\_cpserver.py", line 180, in start
    super(Server, self).start()
  File "C:\Users\71528\AppData\Roaming\Python\Python312\site-packages\cherrypy\process\servers.py", line 177, in start
    portend.free(*self.bind_addr, timeout=Timeouts.free)
  File "C:\Users\71528\AppData\Roaming\Python\Python312\site-packages\portend.py", line 126, in free
    raise Timeout("Port {port} not free on {host}.".format(**locals()))
portend.Timeout: Port 8080 not free on 0.0.0.0.

2024-05-02 09:36:33,369:ERROR:[02/May/2024:09:36:33] ENGINE Shutting down due to error in start listener:
Traceback (most recent call last):
  File "C:\Users\71528\AppData\Roaming\Python\Python312\site-packages\cherrypy\process\wspbus.py", line 268, in start
    self.publish('start')
  File "C:\Users\71528\AppData\Roaming\Python\Python312\site-packages\cherrypy\process\wspbus.py", line 248, in publish
    raise exc
cherrypy.process.wspbus.ChannelFailures: Timeout('Port 8080 not free on 0.0.0.0.')

2024-05-02 09:36:33,369:INFO:[02/May/2024:09:36:33] ENGINE Bus STOPPING
2024-05-02 09:36:33,369:INFO:[02/May/2024:09:36:33] ENGINE HTTP Server cherrypy._cpwsgi_server.CPWSGIServer(('0.0.0.0', 8080)) already shut down
2024-05-02 09:36:33,369:INFO:[02/May/2024:09:36:33] ENGINE Stopped thread 'Autoreloader'.
2024-05-02 09:36:33,369:INFO:[02/May/2024:09:36:33] ENGINE Bus STOPPED
2024-05-02 09:36:33,369:INFO:[02/May/2024:09:36:33] ENGINE Bus EXITING
2024-05-02 09:36:33,369:INFO:[02/May/2024:09:36:33] ENGINE Bus EXITED
